<?xml version="1.0" encoding="UTF-8"?>
<!-- Generated by org.testng.reporters.JUnitReportReporter -->
<testsuite hostname="LAPTOP-JONTFOMF" failures="0" tests="6" name="api.test.DDTests" time="14.164" errors="0" timestamp="2024-11-07T18:22:13 IST" skipped="0">
  <testcase classname="api.test.DDTests" name="testPostuUser" time="3.506"/>
  <testcase classname="api.test.DDTests" name="testPostuUser" time="3.947"/>
  <testcase classname="api.test.DDTests" name="testPostuUser" time="2.237"/>
  <testcase classname="api.test.DDTests" name="testDeleteUser" time="1.192"/>
  <testcase classname="api.test.DDTests" name="testDeleteUser" time="1.977"/>
  <testcase classname="api.test.DDTests" name="testDeleteUser" time="1.305"/>
</testsuite> <!-- api.test.DDTests -->
